Classic Timing Analyzer report for compteur
Fri Sep 13 08:21:06 2024
Quartus II Version 9.0 Build 235 06/17/2009 Service Pack 2 SJ Web Edition


---------------------
; Table of Contents ;
---------------------
  1. Legal Notice
  2. Timing Analyzer Summary
  3. Timing Analyzer Settings
  4. Clock Settings Summary
  5. Parallel Compilation
  6. Clock Setup: 'clk'
  7. tco
  8. Timing Analyzer Messages



----------------
; Legal Notice ;
----------------
Copyright (C) 1991-2009 Altera Corporation
Your use of Altera Corporation's design tools, logic functions 
and other software and tools, and its AMPP partner logic 
functions, and any output files from any of the foregoing 
(including device programming or simulation files), and any 
associated documentation or information are expressly subject 
to the terms and conditions of the Altera Program License 
Subscription Agreement, Altera MegaCore Function License 
Agreement, or other applicable license agreement, including, 
without limitation, that your use is for the sole purpose of 
programming logic devices manufactured by Altera and sold by 
Altera or its authorized distributors.  Please refer to the 
applicable agreement for further details.



+--------------------------------------------------------------------------------------------------------------------------------------------------------------------+
; Timing Analyzer Summary                                                                                                                                            ;
+------------------------------+-------+---------------+------------------------------------------------+----------+----------+------------+----------+--------------+
; Type                         ; Slack ; Required Time ; Actual Time                                    ; From     ; To       ; From Clock ; To Clock ; Failed Paths ;
+------------------------------+-------+---------------+------------------------------------------------+----------+----------+------------+----------+--------------+
; Worst-case tco               ; N/A   ; None          ; 6.889 ns                                       ; count[0] ; led[0]   ; clk        ; --       ; 0            ;
; Clock Setup: 'clk'           ; N/A   ; None          ; Restricted to 380.08 MHz ( period = 2.631 ns ) ; count[1] ; count[3] ; clk        ; clk      ; 0            ;
; Total number of failed paths ;       ;               ;                                                ;          ;          ;            ;          ; 0            ;
+------------------------------+-------+---------------+------------------------------------------------+----------+----------+------------+----------+--------------+


+--------------------------------------------------------------------------------------------------------------------+
; Timing Analyzer Settings                                                                                           ;
+---------------------------------------------------------------------+--------------------+------+----+-------------+
; Option                                                              ; Setting            ; From ; To ; Entity Name ;
+---------------------------------------------------------------------+--------------------+------+----+-------------+
; Device Name                                                         ; EP2C20F484C7       ;      ;    ;             ;
; Timing Models                                                       ; Final              ;      ;    ;             ;
; Default hold multicycle                                             ; Same as Multicycle ;      ;    ;             ;
; Cut paths between unrelated clock domains                           ; On                 ;      ;    ;             ;
; Cut off read during write signal paths                              ; On                 ;      ;    ;             ;
; Cut off feedback from I/O pins                                      ; On                 ;      ;    ;             ;
; Report Combined Fast/Slow Timing                                    ; Off                ;      ;    ;             ;
; Ignore Clock Settings                                               ; Off                ;      ;    ;             ;
; Analyze latches as synchronous elements                             ; On                 ;      ;    ;             ;
; Enable Recovery/Removal analysis                                    ; Off                ;      ;    ;             ;
; Enable Clock Latency                                                ; Off                ;      ;    ;             ;
; Use TimeQuest Timing Analyzer                                       ; Off                ;      ;    ;             ;
; Minimum Core Junction Temperature                                   ; 0                  ;      ;    ;             ;
; Maximum Core Junction Temperature                                   ; 85                 ;      ;    ;             ;
; Number of source nodes to report per destination node               ; 10                 ;      ;    ;             ;
; Number of destination nodes to report                               ; 10                 ;      ;    ;             ;
; Number of paths to report                                           ; 200                ;      ;    ;             ;
; Report Minimum Timing Checks                                        ; Off                ;      ;    ;             ;
; Use Fast Timing Models                                              ; Off                ;      ;    ;             ;
; Report IO Paths Separately                                          ; Off                ;      ;    ;             ;
; Perform Multicorner Analysis                                        ; On                 ;      ;    ;             ;
; Reports the worst-case path for each clock domain and analysis      ; Off                ;      ;    ;             ;
; Removes common clock path pessimism (CCPP) during slack computation ; Off                ;      ;    ;             ;
; Output I/O Timing Endpoint                                          ; Near End           ;      ;    ;             ;
+---------------------------------------------------------------------+--------------------+------+----+-------------+


+------------------------------------------------------------------------------------------------------------------------------------------------------------------------------------+
; Clock Settings Summary                                                                                                                                                             ;
+-----------------+--------------------+----------+------------------+---------------+--------------+----------+-----------------------+---------------------+--------+--------------+
; Clock Node Name ; Clock Setting Name ; Type     ; Fmax Requirement ; Early Latency ; Late Latency ; Based on ; Multiply Base Fmax by ; Divide Base Fmax by ; Offset ; Phase offset ;
+-----------------+--------------------+----------+------------------+---------------+--------------+----------+-----------------------+---------------------+--------+--------------+
; clk             ;                    ; User Pin ; None             ; 0.000 ns      ; 0.000 ns     ; --       ; N/A                   ; N/A                 ; N/A    ;              ;
+-----------------+--------------------+----------+------------------+---------------+--------------+----------+-----------------------+---------------------+--------+--------------+


Parallel compilation was disabled, but you have multiple processors available. Enable parallel compilation to reduce compilation time.
+-------------------------------------+
; Parallel Compilation                ;
+----------------------------+--------+
; Processors                 ; Number ;
+----------------------------+--------+
; Number detected on machine ; 4      ;
; Maximum allowed            ; 1      ;
+----------------------------+--------+


+------------------------------------------------------------------------------------------------------------------------------------------------------------------------------------------+
; Clock Setup: 'clk'                                                                                                                                                                       ;
+-------+------------------------------------------------+----------+----------+------------+----------+-----------------------------+---------------------------+-------------------------+
; Slack ; Actual fmax (period)                           ; From     ; To       ; From Clock ; To Clock ; Required Setup Relationship ; Required Longest P2P Time ; Actual Longest P2P Time ;
+-------+------------------------------------------------+----------+----------+------------+----------+-----------------------------+---------------------------+-------------------------+
; N/A   ; Restricted to 380.08 MHz ( period = 2.631 ns ) ; count[1] ; count[3] ; clk        ; clk      ; None                        ; None                      ; 1.030 ns                ;
; N/A   ; Restricted to 380.08 MHz ( period = 2.631 ns ) ; count[0] ; count[2] ; clk        ; clk      ; None                        ; None                      ; 1.027 ns                ;
; N/A   ; Restricted to 380.08 MHz ( period = 2.631 ns ) ; count[0] ; count[1] ; clk        ; clk      ; None                        ; None                      ; 1.026 ns                ;
; N/A   ; Restricted to 380.08 MHz ( period = 2.631 ns ) ; count[2] ; count[1] ; clk        ; clk      ; None                        ; None                      ; 0.986 ns                ;
; N/A   ; Restricted to 380.08 MHz ( period = 2.631 ns ) ; count[2] ; count[3] ; clk        ; clk      ; None                        ; None                      ; 0.985 ns                ;
; N/A   ; Restricted to 380.08 MHz ( period = 2.631 ns ) ; count[0] ; count[3] ; clk        ; clk      ; None                        ; None                      ; 0.865 ns                ;
; N/A   ; Restricted to 380.08 MHz ( period = 2.631 ns ) ; count[1] ; count[2] ; clk        ; clk      ; None                        ; None                      ; 0.639 ns                ;
; N/A   ; Restricted to 380.08 MHz ( period = 2.631 ns ) ; count[3] ; count[1] ; clk        ; clk      ; None                        ; None                      ; 0.631 ns                ;
; N/A   ; Restricted to 380.08 MHz ( period = 2.631 ns ) ; count[0] ; count[0] ; clk        ; clk      ; None                        ; None                      ; 0.454 ns                ;
; N/A   ; Restricted to 380.08 MHz ( period = 2.631 ns ) ; count[1] ; count[1] ; clk        ; clk      ; None                        ; None                      ; 0.454 ns                ;
; N/A   ; Restricted to 380.08 MHz ( period = 2.631 ns ) ; count[2] ; count[2] ; clk        ; clk      ; None                        ; None                      ; 0.454 ns                ;
; N/A   ; Restricted to 380.08 MHz ( period = 2.631 ns ) ; count[3] ; count[3] ; clk        ; clk      ; None                        ; None                      ; 0.454 ns                ;
+-------+------------------------------------------------+----------+----------+------------+----------+-----------------------------+---------------------------+-------------------------+


+--------------------------------------------------------------------+
; tco                                                                ;
+-------+--------------+------------+----------+--------+------------+
; Slack ; Required tco ; Actual tco ; From     ; To     ; From Clock ;
+-------+--------------+------------+----------+--------+------------+
; N/A   ; None         ; 6.889 ns   ; count[0] ; led[0] ; clk        ;
; N/A   ; None         ; 6.568 ns   ; count[3] ; led[3] ; clk        ;
; N/A   ; None         ; 6.564 ns   ; count[2] ; led[2] ; clk        ;
; N/A   ; None         ; 6.534 ns   ; count[1] ; led[1] ; clk        ;
+-------+--------------+------------+----------+--------+------------+


+--------------------------+
; Timing Analyzer Messages ;
+--------------------------+
Info: *******************************************************************
Info: Running Quartus II Classic Timing Analyzer
    Info: Version 9.0 Build 235 06/17/2009 Service Pack 2 SJ Web Edition
    Info: Processing started: Fri Sep 13 08:21:05 2024
Info: Command: quartus_tan --read_settings_files=off --write_settings_files=off compteur -c compteur --timing_analysis_only
Warning: Found pins functioning as undefined clocks and/or memory enables
    Info: Assuming node "clk" is an undefined clock
Info: Clock "clk" Internal fmax is restricted to 380.08 MHz between source register "count[1]" and destination register "count[3]"
    Info: fmax restricted to clock pin edge rate 2.631 ns. Expand message to see actual delay path.
        Info: + Longest register to register delay is 1.030 ns
            Info: 1: + IC(0.000 ns) + CELL(0.000 ns) = 0.000 ns; Loc. = LCFF_X1_Y11_N11; Fanout = 4; REG Node = 'count[1]'
            Info: 2: + IC(0.389 ns) + CELL(0.545 ns) = 0.934 ns; Loc. = LCCOMB_X1_Y11_N22; Fanout = 1; COMB Node = 'count~6'
            Info: 3: + IC(0.000 ns) + CELL(0.096 ns) = 1.030 ns; Loc. = LCFF_X1_Y11_N23; Fanout = 3; REG Node = 'count[3]'
            Info: Total cell delay = 0.641 ns ( 62.23 % )
            Info: Total interconnect delay = 0.389 ns ( 37.77 % )
        Info: - Smallest clock skew is 0.000 ns
            Info: + Shortest clock path from clock "clk" to destination register is 2.857 ns
                Info: 1: + IC(0.000 ns) + CELL(1.026 ns) = 1.026 ns; Loc. = PIN_M1; Fanout = 1; CLK Node = 'clk'
                Info: 2: + IC(0.238 ns) + CELL(0.000 ns) = 1.264 ns; Loc. = CLKCTRL_G3; Fanout = 4; COMB Node = 'clk~clkctrl'
                Info: 3: + IC(0.991 ns) + CELL(0.602 ns) = 2.857 ns; Loc. = LCFF_X1_Y11_N23; Fanout = 3; REG Node = 'count[3]'
                Info: Total cell delay = 1.628 ns ( 56.98 % )
                Info: Total interconnect delay = 1.229 ns ( 43.02 % )
            Info: - Longest clock path from clock "clk" to source register is 2.857 ns
                Info: 1: + IC(0.000 ns) + CELL(1.026 ns) = 1.026 ns; Loc. = PIN_M1; Fanout = 1; CLK Node = 'clk'
                Info: 2: + IC(0.238 ns) + CELL(0.000 ns) = 1.264 ns; Loc. = CLKCTRL_G3; Fanout = 4; COMB Node = 'clk~clkctrl'
                Info: 3: + IC(0.991 ns) + CELL(0.602 ns) = 2.857 ns; Loc. = LCFF_X1_Y11_N11; Fanout = 4; REG Node = 'count[1]'
                Info: Total cell delay = 1.628 ns ( 56.98 % )
                Info: Total interconnect delay = 1.229 ns ( 43.02 % )
        Info: + Micro clock to output delay of source is 0.277 ns
        Info: + Micro setup delay of destination is -0.038 ns
Info: tco from clock "clk" to destination pin "led[0]" through register "count[0]" is 6.889 ns
    Info: + Longest clock path from clock "clk" to source register is 2.857 ns
        Info: 1: + IC(0.000 ns) + CELL(1.026 ns) = 1.026 ns; Loc. = PIN_M1; Fanout = 1; CLK Node = 'clk'
        Info: 2: + IC(0.238 ns) + CELL(0.000 ns) = 1.264 ns; Loc. = CLKCTRL_G3; Fanout = 4; COMB Node = 'clk~clkctrl'
        Info: 3: + IC(0.991 ns) + CELL(0.602 ns) = 2.857 ns; Loc. = LCFF_X1_Y11_N25; Fanout = 5; REG Node = 'count[0]'
        Info: Total cell delay = 1.628 ns ( 56.98 % )
        Info: Total interconnect delay = 1.229 ns ( 43.02 % )
    Info: + Micro clock to output delay of source is 0.277 ns
    Info: + Longest register to pin delay is 3.755 ns
        Info: 1: + IC(0.000 ns) + CELL(0.000 ns) = 0.000 ns; Loc. = LCFF_X1_Y11_N25; Fanout = 5; REG Node = 'count[0]'
        Info: 2: + IC(0.935 ns) + CELL(2.820 ns) = 3.755 ns; Loc. = PIN_N4; Fanout = 0; PIN Node = 'led[0]'
        Info: Total cell delay = 2.820 ns ( 75.10 % )
        Info: Total interconnect delay = 0.935 ns ( 24.90 % )
Info: Quartus II Classic Timing Analyzer was successful. 0 errors, 1 warning
    Info: Peak virtual memory: 185 megabytes
    Info: Processing ended: Fri Sep 13 08:21:06 2024
    Info: Elapsed time: 00:00:01
    Info: Total CPU time (on all processors): 00:00:00


