00:59:59 **** Build of configuration Nios II for project trial_anemometre ****
make all 
Info: Building ../trial_anemometre_bsp/
C:/intelFPGA_lite/18.1/nios2eds/bin/gnu/H-x86_64-mingw32/bin/make --no-print-directory -C ../trial_anemometre_bsp/
[BSP build complete]
Info: Compiling hello_world.c to obj/default/hello_world.o
nios2-elf-gcc -xc -MP -MMD -c -I../trial_anemometre_bsp//HAL/inc -I../trial_anemometre_bsp/ -I../trial_anemometre_bsp//drivers/inc  -pipe -D__hal__ -DALT_NO_INSTRUCTION_EMULATION -DALT_SINGLE_THREADED    -O0 -g -Wall   -mno-hw-div -mno-hw-mul -mno-hw-mulx -mgpopt=global  -o obj/default/hello_world.o hello_world.c
hello_world.c: In function 'main':
hello_world.c:18:5: warning: implicit declaration of function 'IOWR' [-Wimplicit-function-declaration]
     IOWR(ANEM_CONFIG_REG, 0, 0b101);
     ^
hello_world.c:22:34: warning: implicit declaration of function 'IORD' [-Wimplicit-function-declaration]
         unsigned int code_data = IORD(ANEM_CODE_REG, 0);
                                  ^
Info: Linking trial_anemometre.elf
nios2-elf-g++  -T'../trial_anemometre_bsp//linker.x' -msys-crt0='../trial_anemometre_bsp//obj/HAL/src/crt0.o' -msys-lib=hal_bsp -L../trial_anemometre_bsp/   -Wl,-Map=trial_anemometre.map   -O0 -g -Wall   -mno-hw-div -mno-hw-mul -mno-hw-mulx -mgpopt=global  -o trial_anemometre.elf obj/default/hello_world.o -lm -msys-lib=m
c:/intelfpga_lite/18.1/nios2eds/bin/gnu/h-x86_64-mingw32/bin/../lib/gcc/nios2-elf/5.3.0/../../../../../H-x86_64-mingw32/nios2-elf/bin/ld.exe: trial_anemometre.elf section `.text' will not fit in region `RAM'
c:/intelfpga_lite/18.1/nios2eds/bin/gnu/h-x86_64-mingw32/bin/../lib/gcc/nios2-elf/5.3.0/../../../../../H-x86_64-mingw32/nios2-elf/bin/ld.exe: address 0x2170c of trial_anemometre.elf section `.rwdata' is not within region `RAM'
c:/intelfpga_lite/18.1/nios2eds/bin/gnu/h-x86_64-mingw32/bin/../lib/gcc/nios2-elf/5.3.0/../../../../../H-x86_64-mingw32/nios2-elf/bin/ld.exe: address 0x23358 of trial_anemometre.elf section `.bss' is not within region `RAM'
c:/intelfpga_lite/18.1/nios2eds/bin/gnu/h-x86_64-mingw32/bin/../lib/gcc/nios2-elf/5.3.0/../../../../../H-x86_64-mingw32/nios2-elf/bin/ld.exe: address 0x2170c of trial_anemometre.elf section `.rwdata' is not within region `RAM'
c:/intelfpga_lite/18.1/nios2eds/bin/gnu/h-x86_64-mingw32/bin/../lib/gcc/nios2-elf/5.3.0/../../../../../H-x86_64-mingw32/nios2-elf/bin/ld.exe: address 0x23358 of trial_anemometre.elf section `.bss' is not within region `RAM'
c:/intelfpga_lite/18.1/nios2eds/bin/gnu/h-x86_64-mingw32/bin/../lib/gcc/nios2-elf/5.3.0/../../../../../H-x86_64-mingw32/nios2-elf/bin/ld.exe: region `RAM' overflowed by 37720 bytes
obj/default/hello_world.o: In function `main':
C:\BE_VHDL\software\trial_anemometre/hello_world.c:18: undefined reference to `IOWR'
C:\BE_VHDL\software\trial_anemometre/hello_world.c:22: undefined reference to `IORD'
collect2.exe: error: ld returned 1 exit status
make: *** [trial_anemometre.elf] Error 1

01:00:00 Build Finished (took 1s.409ms)

