Flow report for BE_VHDL
Thu Dec 19 02:31:01 2024
Quartus Prime Version 18.1.0 Build 625 09/12/2018 SJ Lite Edition


---------------------
; Table of Contents ;
---------------------
  1. Legal Notice
  2. Flow Summary
  3. Flow Settings
  4. Flow Non-Default Global Settings
  5. Flow Elapsed Time
  6. Flow OS Summary
  7. Flow Log
  8. Flow Messages
  9. Flow Suppressed Messages



----------------
; Legal Notice ;
----------------
Copyright (C) 2018  Intel Corporation. All rights reserved.
Your use of Intel Corporation's design tools, logic functions 
and other software and tools, and its AMPP partner logic 
functions, and any output files from any of the foregoing 
(including device programming or simulation files), and any 
associated documentation or information are expressly subject 
to the terms and conditions of the Intel Program License 
Subscription Agreement, the Intel Quartus Prime License Agreement,
the Intel FPGA IP License Agreement, or other applicable license
agreement, including, without limitation, that your use is for
the sole purpose of programming logic devices manufactured by
Intel and sold by Intel or its authorized distributors.  Please
refer to the applicable agreement for further details.



+----------------------------------------------------------------------------------+
; Flow Summary                                                                     ;
+------------------------------------+---------------------------------------------+
; Flow Status                        ; Successful - Thu Dec 19 02:31:01 2024       ;
; Quartus Prime Version              ; 18.1.0 Build 625 09/12/2018 SJ Lite Edition ;
; Revision Name                      ; BE_VHDL                                     ;
; Top-level Entity Name              ; bloc_compteur                               ;
; Family                             ; Cyclone IV E                                ;
; Device                             ; EP4CE22F17C6                                ;
; Timing Models                      ; Final                                       ;
; Total logic elements               ; 18 / 22,320 ( < 1 % )                       ;
;     Total combinational functions  ; 11 / 22,320 ( < 1 % )                       ;
;     Dedicated logic registers      ; 15 / 22,320 ( < 1 % )                       ;
; Total registers                    ; 15                                          ;
; Total pins                         ; 19 / 154 ( 12 % )                           ;
; Total virtual pins                 ; 0                                           ;
; Total memory bits                  ; 0 / 608,256 ( 0 % )                         ;
; Embedded Multiplier 9-bit elements ; 0 / 132 ( 0 % )                             ;
; Total PLLs                         ; 0 / 4 ( 0 % )                               ;
+------------------------------------+---------------------------------------------+


+-----------------------------------------+
; Flow Settings                           ;
+-------------------+---------------------+
; Option            ; Setting             ;
+-------------------+---------------------+
; Start date & time ; 12/19/2024 02:30:13 ;
; Main task         ; Compilation         ;
; Revision Name     ; BE_VHDL             ;
+-------------------+---------------------+


+-------------------------------------------------------------------------------------------------------------------------------------+
; Flow Non-Default Global Settings                                                                                                    ;
+-------------------------------------+----------------------------------------------+---------------+---------------+----------------+
; Assignment Name                     ; Value                                        ; Default Value ; Entity Name   ; Section Id     ;
+-------------------------------------+----------------------------------------------+---------------+---------------+----------------+
; COMPILER_SIGNATURE_ID               ; 10995770589200.173457181318544               ; --            ; --            ; --             ;
; EDA_GENERATE_FUNCTIONAL_NETLIST     ; On                                           ; --            ; --            ; eda_simulation ;
; EDA_OUTPUT_DATA_FORMAT              ; Vhdl                                         ; --            ; --            ; eda_simulation ;
; EDA_RUN_TOOL_AUTOMATICALLY          ; Off                                          ; --            ; --            ; eda_simulation ;
; EDA_SIMULATION_TOOL                 ; ModelSim-Altera (VHDL)                       ; <None>        ; --            ; --             ;
; EDA_TIME_SCALE                      ; 1 ps                                         ; --            ; --            ; eda_simulation ;
; MAX_CORE_JUNCTION_TEMP              ; 85                                           ; --            ; --            ; --             ;
; MIN_CORE_JUNCTION_TEMP              ; 0                                            ; --            ; --            ; --             ;
; NOMINAL_CORE_SUPPLY_VOLTAGE         ; 1.2V                                         ; --            ; --            ; --             ;
; PARTITION_COLOR                     ; -- (Not supported for targeted family)       ; --            ; bloc_compteur ; Top            ;
; PARTITION_FITTER_PRESERVATION_LEVEL ; -- (Not supported for targeted family)       ; --            ; bloc_compteur ; Top            ;
; PARTITION_NETLIST_TYPE              ; -- (Not supported for targeted family)       ; --            ; bloc_compteur ; Top            ;
; POWER_BOARD_THERMAL_MODEL           ; None (CONSERVATIVE)                          ; --            ; --            ; --             ;
; POWER_PRESET_COOLING_SOLUTION       ; 23 MM HEAT SINK WITH 200 LFPM AIRFLOW        ; --            ; --            ; --             ;
; PROJECT_OUTPUT_DIRECTORY            ; output_files                                 ; --            ; --            ; --             ;
; SEARCH_PATH                         ; c:\be_vhdl\anemover_1_0\synthesis\submodules ; --            ; --            ; --             ;
; SEARCH_PATH                         ; c:\be_vhdl\anemover_1_0\synthesis            ; --            ; --            ; --             ;
; TOP_LEVEL_ENTITY                    ; bloc_compteur                                ; BE_VHDL       ; --            ; --             ;
+-------------------------------------+----------------------------------------------+---------------+---------------+----------------+


+--------------------------------------------------------------------------------------------------------------------------+
; Flow Elapsed Time                                                                                                        ;
+----------------------+--------------+-------------------------+---------------------+------------------------------------+
; Module Name          ; Elapsed Time ; Average Processors Used ; Peak Virtual Memory ; Total CPU Time (on all processors) ;
+----------------------+--------------+-------------------------+---------------------+------------------------------------+
; Analysis & Synthesis ; 00:00:26     ; 1.0                     ; 4784 MB             ; 00:00:39                           ;
; Fitter               ; 00:00:11     ; 1.0                     ; 5240 MB             ; 00:00:09                           ;
; Assembler            ; 00:00:02     ; 1.0                     ; 4676 MB             ; 00:00:02                           ;
; Timing Analyzer      ; 00:00:03     ; 1.0                     ; 4759 MB             ; 00:00:02                           ;
; EDA Netlist Writer   ; 00:00:01     ; 1.0                     ; 4630 MB             ; 00:00:01                           ;
; Total                ; 00:00:43     ; --                      ; --                  ; 00:00:53                           ;
+----------------------+--------------+-------------------------+---------------------+------------------------------------+


+------------------------------------------------------------------------------------+
; Flow OS Summary                                                                    ;
+----------------------+------------------+------------+------------+----------------+
; Module Name          ; Machine Hostname ; OS Name    ; OS Version ; Processor type ;
+----------------------+------------------+------------+------------+----------------+
; Analysis & Synthesis ; DESKTOP-D7BINP1  ; Windows 10 ; 10.0       ; x86_64         ;
; Fitter               ; DESKTOP-D7BINP1  ; Windows 10 ; 10.0       ; x86_64         ;
; Assembler            ; DESKTOP-D7BINP1  ; Windows 10 ; 10.0       ; x86_64         ;
; Timing Analyzer      ; DESKTOP-D7BINP1  ; Windows 10 ; 10.0       ; x86_64         ;
; EDA Netlist Writer   ; DESKTOP-D7BINP1  ; Windows 10 ; 10.0       ; x86_64         ;
+----------------------+------------------+------------+------------+----------------+


------------
; Flow Log ;
------------
quartus_map --read_settings_files=on --write_settings_files=off BE_VHDL -c BE_VHDL
quartus_fit --read_settings_files=off --write_settings_files=off BE_VHDL -c BE_VHDL
quartus_asm --read_settings_files=off --write_settings_files=off BE_VHDL -c BE_VHDL
quartus_sta BE_VHDL -c BE_VHDL
quartus_eda --read_settings_files=off --write_settings_files=off BE_VHDL -c BE_VHDL



